Thu Jun 19 12:32:58 IST 2014  [debug] AvalonLogSystem initialized using logfile 'velocity.log'
Thu Jun 19 12:32:58 IST 2014   [info] ************************************************************** 
Thu Jun 19 12:32:58 IST 2014   [info] Starting Jakarta Velocity v1.4
Thu Jun 19 12:32:58 IST 2014   [info] RuntimeInstance initializing.
Thu Jun 19 12:32:58 IST 2014   [info] Default Properties File: org\apache\velocity\runtime\defaults\velocity.properties
Thu Jun 19 12:32:58 IST 2014   [info] Trying to use logger class org.apache.velocity.runtime.log.AvalonLogSystem
Thu Jun 19 12:32:58 IST 2014   [info] Using logger class org.apache.velocity.runtime.log.AvalonLogSystem
Thu Jun 19 12:32:58 IST 2014   [info] Default ResourceManager initializing. (class org.apache.velocity.runtime.resource.ResourceManagerImpl)
Thu Jun 19 12:32:58 IST 2014   [info] Resource Loader Instantiated: org.apache.velocity.runtime.resource.loader.ClasspathResourceLoader
Thu Jun 19 12:32:58 IST 2014   [info] ClasspathResourceLoader : initialization starting.
Thu Jun 19 12:32:58 IST 2014   [info] ClasspathResourceLoader : initialization complete.
Thu Jun 19 12:32:58 IST 2014   [info] ResourceCache : initialized. (class org.apache.velocity.runtime.resource.ResourceCacheImpl)
Thu Jun 19 12:32:58 IST 2014   [info] Default ResourceManager initialization complete.
Thu Jun 19 12:32:58 IST 2014   [info] Loaded System Directive: org.apache.velocity.runtime.directive.Literal
Thu Jun 19 12:32:58 IST 2014   [info] Loaded System Directive: org.apache.velocity.runtime.directive.Macro
Thu Jun 19 12:32:58 IST 2014   [info] Loaded System Directive: org.apache.velocity.runtime.directive.Parse
Thu Jun 19 12:32:58 IST 2014   [info] Loaded System Directive: org.apache.velocity.runtime.directive.Include
Thu Jun 19 12:32:58 IST 2014   [info] Loaded System Directive: org.apache.velocity.runtime.directive.Foreach
Thu Jun 19 12:32:58 IST 2014   [info] Created: 20 parsers.
Thu Jun 19 12:32:58 IST 2014   [info] Velocimacro : initialization starting.
Thu Jun 19 12:32:58 IST 2014   [info] Velocimacro : adding VMs from VM library template : VM_global_library.vm
Thu Jun 19 12:32:58 IST 2014  [error] ResourceManager : unable to find resource 'VM_global_library.vm' in any resource loader.
Thu Jun 19 12:32:58 IST 2014   [info] Velocimacro : error using  VM library template VM_global_library.vm : org.apache.velocity.exception.ResourceNotFoundException: Unable to find resource 'VM_global_library.vm'
Thu Jun 19 12:32:58 IST 2014   [info] Velocimacro :  VM library template macro registration complete.
Thu Jun 19 12:32:58 IST 2014   [info] Velocimacro : allowInline = true : VMs can be defined inline in templates
Thu Jun 19 12:32:58 IST 2014   [info] Velocimacro : allowInlineToOverride = false : VMs defined inline may NOT replace previous VM definitions
Thu Jun 19 12:32:58 IST 2014   [info] Velocimacro : allowInlineLocal = false : VMs defined inline will be  global in scope if allowed.
Thu Jun 19 12:32:58 IST 2014   [info] Velocimacro : messages on  : VM system will output logging messages
Thu Jun 19 12:32:58 IST 2014   [info] Velocimacro : autoload off  : VM system will not automatically reload global library macros
Thu Jun 19 12:32:58 IST 2014   [info] Velocimacro : initialization complete.
Thu Jun 19 12:32:58 IST 2014   [info] Velocity successfully started.
